2026-05-05 17:16:01.549+0000 INFO  CREATE USER neo4j PASSWORD ****** CHANGE NOT REQUIRED
2026-05-05 17:16:01.758+0000 INFO  CREATE ROLE admin
2026-05-05 17:16:01.760+0000 INFO  GRANT TRANSACTION MANAGEMENT ON DATABASE * TO admin
2026-05-05 17:16:01.764+0000 INFO  GRANT START ON DATABASE * TO admin
2026-05-05 17:16:01.765+0000 INFO  GRANT STOP ON DATABASE * TO admin
2026-05-05 17:16:01.765+0000 INFO  GRANT ALL ON DBMS TO admin
2026-05-05 17:16:01.766+0000 INFO  GRANT CONSTRAINT MANAGEMENT ON DATABASE * TO admin
2026-05-05 17:16:01.766+0000 INFO  GRANT INDEX MANAGEMENT ON DATABASE * TO admin
2026-05-05 17:16:01.766+0000 INFO  GRANT NAME MANAGEMENT ON DATABASE * TO admin
2026-05-05 17:16:01.767+0000 INFO  GRANT WRITE ON GRAPH * TO admin
2026-05-05 17:16:01.768+0000 INFO  GRANT MATCH {*} ON GRAPH * TO admin
2026-05-05 17:16:01.768+0000 INFO  GRANT ACCESS ON DATABASE * TO admin
2026-05-05 17:16:01.769+0000 INFO  GRANT SHOW INDEX ON DATABASE * TO admin
2026-05-05 17:16:01.769+0000 INFO  GRANT SHOW CONSTRAINTS ON DATABASE * TO admin
2026-05-05 17:16:01.769+0000 INFO  GRANT LOAD ON ALL DATA TO admin
2026-05-05 17:16:01.770+0000 INFO  CREATE ROLE architect
2026-05-05 17:16:01.771+0000 INFO  GRANT CONSTRAINT MANAGEMENT ON DATABASE * TO architect
2026-05-05 17:16:01.771+0000 INFO  GRANT INDEX MANAGEMENT ON DATABASE * TO architect
2026-05-05 17:16:01.772+0000 INFO  GRANT NAME MANAGEMENT ON DATABASE * TO architect
2026-05-05 17:16:01.772+0000 INFO  GRANT WRITE ON GRAPH * TO architect
2026-05-05 17:16:01.773+0000 INFO  GRANT MATCH {*} ON GRAPH * TO architect
2026-05-05 17:16:01.773+0000 INFO  GRANT ACCESS ON DATABASE * TO architect
2026-05-05 17:16:01.773+0000 INFO  GRANT SHOW INDEX ON DATABASE * TO architect
2026-05-05 17:16:01.774+0000 INFO  GRANT SHOW CONSTRAINTS ON DATABASE * TO architect
2026-05-05 17:16:01.774+0000 INFO  CREATE ROLE publisher
2026-05-05 17:16:01.775+0000 INFO  GRANT NAME MANAGEMENT ON DATABASE * TO publisher
2026-05-05 17:16:01.776+0000 INFO  GRANT WRITE ON GRAPH * TO publisher
2026-05-05 17:16:01.777+0000 INFO  GRANT MATCH {*} ON GRAPH * TO publisher
2026-05-05 17:16:01.777+0000 INFO  GRANT ACCESS ON DATABASE * TO publisher
2026-05-05 17:16:01.777+0000 INFO  GRANT SHOW INDEX ON DATABASE * TO publisher
2026-05-05 17:16:01.778+0000 INFO  GRANT SHOW CONSTRAINTS ON DATABASE * TO publisher
2026-05-05 17:16:01.778+0000 INFO  CREATE ROLE editor
2026-05-05 17:16:01.779+0000 INFO  GRANT WRITE ON GRAPH * TO editor
2026-05-05 17:16:01.780+0000 INFO  GRANT MATCH {*} ON GRAPH * TO editor
2026-05-05 17:16:01.780+0000 INFO  GRANT ACCESS ON DATABASE * TO editor
2026-05-05 17:16:01.781+0000 INFO  GRANT SHOW INDEX ON DATABASE * TO editor
2026-05-05 17:16:01.781+0000 INFO  GRANT SHOW CONSTRAINTS ON DATABASE * TO editor
2026-05-05 17:16:01.782+0000 INFO  CREATE ROLE reader
2026-05-05 17:16:01.783+0000 INFO  GRANT MATCH {*} ON GRAPH * TO reader
2026-05-05 17:16:01.783+0000 INFO  GRANT ACCESS ON DATABASE * TO reader
2026-05-05 17:16:01.784+0000 INFO  GRANT SHOW INDEX ON DATABASE * TO reader
2026-05-05 17:16:01.784+0000 INFO  GRANT SHOW CONSTRAINTS ON DATABASE * TO reader
2026-05-05 17:16:01.784+0000 INFO  CREATE ROLE PUBLIC
2026-05-05 17:16:01.786+0000 INFO  GRANT ACCESS ON HOME DATABASE TO PUBLIC
2026-05-05 17:16:01.786+0000 INFO  GRANT EXECUTE PROCEDURE * ON DBMS TO PUBLIC
2026-05-05 17:16:01.786+0000 INFO  GRANT EXECUTE FUNCTION * ON DBMS TO PUBLIC
2026-05-05 17:16:01.787+0000 INFO  GRANT LOAD ON ALL DATA TO PUBLIC
2026-05-05 17:16:01.788+0000 INFO  GRANT ROLE admin TO neo4j
2026-05-05 17:19:13.129+0000 INFO  [neo4j]: logged in
2026-05-05 17:19:13.255+0000 INFO  [neo4j]: logged in
